<?xml version="1.0" encoding="UTF-8"?>
<testng-results skipped="0" failed="0" total="1" passed="1">
  <reporter-output>
  </reporter-output>
  <suite name="Surefire suite" duration-ms="14611" started-at="2015-06-29T16:33:11Z" finished-at="2015-06-29T16:33:26Z">
    <groups>
    </groups>
    <test name="Surefire test" duration-ms="14611" started-at="2015-06-29T16:33:11Z" finished-at="2015-06-29T16:33:26Z">
      <class name="com.atishay.tests.RenderPageTest">
        <test-method status="PASS" signature="setup()[pri:0, instance:com.atishay.tests.RenderPageTest@df4efb]" name="setup" is-config="true" duration-ms="9725" started-at="2015-06-29T22:03:11Z" finished-at="2015-06-29T22:03:21Z">
          <reporter-output>
          </reporter-output>
        </test-method> <!-- setup -->
        <test-method status="PASS" signature="loadLoginPage()[pri:0, instance:com.atishay.tests.RenderPageTest@df4efb]" name="loadLoginPage" is-config="true" duration-ms="4344" started-at="2015-06-29T22:03:21Z" finished-at="2015-06-29T22:03:25Z">
          <reporter-output>
          </reporter-output>
        </test-method> <!-- loadLoginPage -->
        <test-method status="PASS" signature="correctPageLoaded()[pri:0, instance:com.atishay.tests.RenderPageTest@df4efb]" name="correctPageLoaded" duration-ms="26" started-at="2015-06-29T22:03:25Z" finished-at="2015-06-29T22:03:25Z">
          <reporter-output>
          </reporter-output>
        </test-method> <!-- correctPageLoaded -->
        <test-method status="PASS" signature="testTearDown()[pri:0, instance:com.atishay.tests.RenderPageTest@df4efb]" name="testTearDown" is-config="true" duration-ms="30" started-at="2015-06-29T22:03:25Z" finished-at="2015-06-29T22:03:25Z">
          <reporter-output>
          </reporter-output>
        </test-method> <!-- testTearDown -->
        <test-method status="PASS" signature="suiteTearDown()[pri:0, instance:com.atishay.tests.RenderPageTest@df4efb]" name="suiteTearDown" is-config="true" duration-ms="470" started-at="2015-06-29T22:03:25Z" finished-at="2015-06-29T22:03:26Z">
          <reporter-output>
          </reporter-output>
        </test-method> <!-- suiteTearDown -->
      </class> <!-- com.atishay.tests.RenderPageTest -->
    </test> <!-- Surefire test -->
  </suite> <!-- Surefire suite -->
</testng-results>
